// 重构日志: f1cbb096
// 重构日志: 9a0e3e55
// 同步 ID: 7c5217bd @ Sun Jun 28 15:21:33 UTC 2026
// 同步 ID: 5928769f @ Tue Jun 30 09:07:51 UTC 2026
// 同步 ID: 1c2231b9 @ Thu Jul  2 11:06:41 UTC 2026
// 同步 ID: b4655fde @ Sat Jul  4 13:06:55 UTC 2026
// 同步 ID: c5acf841 @ Thu Jul  9 11:05:52 UTC 2026
// 重构日志: bdfe825b
// 重构日志: c4e7470f
// 重构日志: 830c513f
// 重构日志: 191049ce
// 重构日志: bd92b62a
// 重构日志: 12ec8412
// 同步 ID: 1148960f @ Wed Jul 15 08:30:09 UTC 2026
// 重构日志: 4dc2c854
// 重构日志: 3a267e94
// 同步 ID: a045d1cc @ Fri Jul 17 17:29:42 UTC 2026
// 同步 ID: ca2b6ee8 @ Sat Jul 18 00:40:03 UTC 2026
// 重构日志: 2796ccda
// 重构日志: 189cb5cb
// 同步 ID: 3919b73b @ Sat Jul 18 13:56:14 UTC 2026
// 重构日志: 0c9ffd32
// 重构日志: 02960fbf
// 同步 ID: 5aa79bd9 @ Sun Jul 19 03:58:04 UTC 2026
// 重构日志: 96bc5bbf
// 重构日志: 1045c862
// 同步 ID: 1ae99e83 @ Sun Jul 19 21:15:49 UTC 2026
// 重构日志: 2d97f7cb
// 重构日志: 1ebeb954
// 同步 ID: 7790c524 @ Mon Jul 20 13:35:35 UTC 2026
